[debug] [2024-08-01T04:43:42.982Z] ----------------------------------------------------------------------
[debug] [2024-08-01T04:43:42.984Z] Command:       /opt/homebrew/Cellar/node/22.4.1/bin/node /opt/homebrew/bin/firebase deploy --only functions
[debug] [2024-08-01T04:43:42.984Z] CLI Version:   13.14.2
[debug] [2024-08-01T04:43:42.984Z] Platform:      darwin
[debug] [2024-08-01T04:43:42.984Z] Node Version:  v22.4.1
[debug] [2024-08-01T04:43:42.984Z] Time:          Thu Aug 01 2024 12:43:42 GMT+0800 (Singapore Standard Time)
[debug] [2024-08-01T04:43:42.984Z] ----------------------------------------------------------------------
[debug] 
[debug] [2024-08-01T04:43:43.021Z] > command requires scopes: ["email","openid","https://www.googleapis.com/auth/cloudplatformprojects.readonly","https://www.googleapis.com/auth/firebase","https://www.googleapis.com/auth/cloud-platform"]
[debug] [2024-08-01T04:43:43.021Z] > authorizing via signed-in user (nandoxu17@gmail.com)
[debug] [2024-08-01T04:43:43.021Z] [iam] checking project glucosense-24-s2-07 for permissions ["cloudfunctions.functions.create","cloudfunctions.functions.delete","cloudfunctions.functions.get","cloudfunctions.functions.list","cloudfunctions.functions.update","cloudfunctions.operations.get","firebase.projects.get"]
[debug] [2024-08-01T04:43:43.022Z] >>> [apiv2][query] POST https://cloudresourcemanager.googleapis.com/v1/projects/glucosense-24-s2-07:testIamPermissions [none]
[debug] [2024-08-01T04:43:43.022Z] >>> [apiv2][(partial)header] POST https://cloudresourcemanager.googleapis.com/v1/projects/glucosense-24-s2-07:testIamPermissions x-goog-quota-user=projects/glucosense-24-s2-07
[debug] [2024-08-01T04:43:43.022Z] >>> [apiv2][body] POST https://cloudresourcemanager.googleapis.com/v1/projects/glucosense-24-s2-07:testIamPermissions {"permissions":["cloudfunctions.functions.create","cloudfunctions.functions.delete","cloudfunctions.functions.get","cloudfunctions.functions.list","cloudfunctions.functions.update","cloudfunctions.operations.get","firebase.projects.get"]}
[debug] [2024-08-01T04:43:47.098Z] <<< [apiv2][status] POST https://cloudresourcemanager.googleapis.com/v1/projects/glucosense-24-s2-07:testIamPermissions 200
[debug] [2024-08-01T04:43:47.098Z] <<< [apiv2][body] POST https://cloudresourcemanager.googleapis.com/v1/projects/glucosense-24-s2-07:testIamPermissions {"permissions":["cloudfunctions.functions.create","cloudfunctions.functions.delete","cloudfunctions.functions.get","cloudfunctions.functions.list","cloudfunctions.functions.update","cloudfunctions.operations.get","firebase.projects.get"]}
[debug] [2024-08-01T04:43:47.098Z] >>> [apiv2][query] POST https://iam.googleapis.com/v1/projects/glucosense-24-s2-07/serviceAccounts/glucosense-24-s2-07@appspot.gserviceaccount.com:testIamPermissions [none]
[debug] [2024-08-01T04:43:47.099Z] >>> [apiv2][body] POST https://iam.googleapis.com/v1/projects/glucosense-24-s2-07/serviceAccounts/glucosense-24-s2-07@appspot.gserviceaccount.com:testIamPermissions {"permissions":["iam.serviceAccounts.actAs"]}
[debug] [2024-08-01T04:43:51.396Z] <<< [apiv2][status] POST https://iam.googleapis.com/v1/projects/glucosense-24-s2-07/serviceAccounts/glucosense-24-s2-07@appspot.gserviceaccount.com:testIamPermissions 200
[debug] [2024-08-01T04:43:51.397Z] <<< [apiv2][body] POST https://iam.googleapis.com/v1/projects/glucosense-24-s2-07/serviceAccounts/glucosense-24-s2-07@appspot.gserviceaccount.com:testIamPermissions {"permissions":["iam.serviceAccounts.actAs"]}
[info] 
[info] === Deploying to 'glucosense-24-s2-07'...
[info] 
[info] i  deploying functions 
[debug] [2024-08-01T04:43:51.400Z] >>> [apiv2][query] GET https://firebase.googleapis.com/v1beta1/projects/glucosense-24-s2-07 [none]
[debug] [2024-08-01T04:43:51.783Z] <<< [apiv2][status] GET https://firebase.googleapis.com/v1beta1/projects/glucosense-24-s2-07 200
[debug] [2024-08-01T04:43:51.783Z] <<< [apiv2][body] GET https://firebase.googleapis.com/v1beta1/projects/glucosense-24-s2-07 {"projectId":"glucosense-24-s2-07","projectNumber":"714305903306","displayName":"GlucoSense","name":"projects/glucosense-24-s2-07","resources":{"hostingSite":"glucosense-24-s2-07","storageBucket":"glucosense-24-s2-07.appspot.com","locationId":"asia-southeast1"},"state":"ACTIVE","etag":"1_3aa43c7d-f7dd-4403-be17-1dab7992c9ed"}
[info] i  functions: preparing codebase default for deployment 
[info] i  functions: ensuring required API cloudfunctions.googleapis.com is enabled... 
[info] i  functions: ensuring required API cloudbuild.googleapis.com is enabled... 
[info] i  artifactregistry: ensuring required API artifactregistry.googleapis.com is enabled... 
[debug] [2024-08-01T04:43:51.786Z] >>> [apiv2][query] GET https://serviceusage.googleapis.com/v1/projects/glucosense-24-s2-07/services/cloudfunctions.googleapis.com [none]
[debug] [2024-08-01T04:43:51.786Z] >>> [apiv2][(partial)header] GET https://serviceusage.googleapis.com/v1/projects/glucosense-24-s2-07/services/cloudfunctions.googleapis.com x-goog-quota-user=projects/glucosense-24-s2-07
[debug] [2024-08-01T04:43:51.788Z] >>> [apiv2][query] GET https://serviceusage.googleapis.com/v1/projects/glucosense-24-s2-07/services/runtimeconfig.googleapis.com [none]
[debug] [2024-08-01T04:43:51.788Z] >>> [apiv2][(partial)header] GET https://serviceusage.googleapis.com/v1/projects/glucosense-24-s2-07/services/runtimeconfig.googleapis.com x-goog-quota-user=projects/glucosense-24-s2-07
[debug] [2024-08-01T04:43:51.789Z] >>> [apiv2][query] GET https://serviceusage.googleapis.com/v1/projects/glucosense-24-s2-07/services/cloudbuild.googleapis.com [none]
[debug] [2024-08-01T04:43:51.789Z] >>> [apiv2][(partial)header] GET https://serviceusage.googleapis.com/v1/projects/glucosense-24-s2-07/services/cloudbuild.googleapis.com x-goog-quota-user=projects/glucosense-24-s2-07
[debug] [2024-08-01T04:43:51.791Z] >>> [apiv2][query] GET https://serviceusage.googleapis.com/v1/projects/glucosense-24-s2-07/services/artifactregistry.googleapis.com [none]
[debug] [2024-08-01T04:43:51.791Z] >>> [apiv2][(partial)header] GET https://serviceusage.googleapis.com/v1/projects/glucosense-24-s2-07/services/artifactregistry.googleapis.com x-goog-quota-user=projects/glucosense-24-s2-07
[debug] [2024-08-01T04:43:56.204Z] <<< [apiv2][status] GET https://serviceusage.googleapis.com/v1/projects/glucosense-24-s2-07/services/artifactregistry.googleapis.com 200
[debug] [2024-08-01T04:43:56.215Z] <<< [apiv2][body] GET https://serviceusage.googleapis.com/v1/projects/glucosense-24-s2-07/services/artifactregistry.googleapis.com [omitted]
[info] ✔  artifactregistry: required API artifactregistry.googleapis.com is enabled 
[debug] [2024-08-01T04:43:56.374Z] <<< [apiv2][status] GET https://serviceusage.googleapis.com/v1/projects/glucosense-24-s2-07/services/runtimeconfig.googleapis.com 200
[debug] [2024-08-01T04:43:56.374Z] <<< [apiv2][body] GET https://serviceusage.googleapis.com/v1/projects/glucosense-24-s2-07/services/runtimeconfig.googleapis.com [omitted]
[debug] [2024-08-01T04:43:56.376Z] <<< [apiv2][status] GET https://serviceusage.googleapis.com/v1/projects/glucosense-24-s2-07/services/cloudbuild.googleapis.com 200
[debug] [2024-08-01T04:43:56.376Z] <<< [apiv2][body] GET https://serviceusage.googleapis.com/v1/projects/glucosense-24-s2-07/services/cloudbuild.googleapis.com [omitted]
[info] ✔  functions: required API cloudbuild.googleapis.com is enabled 
[debug] [2024-08-01T04:43:56.379Z] <<< [apiv2][status] GET https://serviceusage.googleapis.com/v1/projects/glucosense-24-s2-07/services/cloudfunctions.googleapis.com 200
[debug] [2024-08-01T04:43:56.379Z] <<< [apiv2][body] GET https://serviceusage.googleapis.com/v1/projects/glucosense-24-s2-07/services/cloudfunctions.googleapis.com [omitted]
[info] ✔  functions: required API cloudfunctions.googleapis.com is enabled 
[debug] [2024-08-01T04:43:56.382Z] >>> [apiv2][query] GET https://firebase.googleapis.com/v1beta1/projects/glucosense-24-s2-07/adminSdkConfig [none]
[debug] [2024-08-01T04:43:57.211Z] <<< [apiv2][status] GET https://firebase.googleapis.com/v1beta1/projects/glucosense-24-s2-07/adminSdkConfig 200
[debug] [2024-08-01T04:43:57.211Z] <<< [apiv2][body] GET https://firebase.googleapis.com/v1beta1/projects/glucosense-24-s2-07/adminSdkConfig {"projectId":"glucosense-24-s2-07","storageBucket":"glucosense-24-s2-07.appspot.com","locationId":"asia-southeast1"}
[debug] [2024-08-01T04:43:57.212Z] >>> [apiv2][query] GET https://runtimeconfig.googleapis.com/v1beta1/projects/glucosense-24-s2-07/configs [none]
[debug] [2024-08-01T04:44:01.353Z] <<< [apiv2][status] GET https://runtimeconfig.googleapis.com/v1beta1/projects/glucosense-24-s2-07/configs 200
[debug] [2024-08-01T04:44:01.353Z] <<< [apiv2][body] GET https://runtimeconfig.googleapis.com/v1beta1/projects/glucosense-24-s2-07/configs {}
[debug] [2024-08-01T04:44:01.354Z] Validating nodejs source
[debug] [2024-08-01T04:44:02.437Z] > [functions] package.json contents: {
  "name": "functions",
  "description": "Cloud Functions for Firebase",
  "scripts": {
    "serve": "firebase emulators:start --only functions",
    "shell": "firebase functions:shell",
    "start": "npm run shell",
    "deploy": "firebase deploy --only functions",
    "logs": "firebase functions:log"
  },
  "engines": {
    "node": "18"
  },
  "main": "index.js",
  "dependencies": {
    "express": "^4.19.2",
    "firebase-admin": "^12.3.0",
    "firebase-functions": "^5.0.0"
  },
  "devDependencies": {
    "firebase-functions-test": "^3.1.0"
  },
  "private": true
}
[debug] [2024-08-01T04:44:02.438Z] Building nodejs source
[info] i  functions: Loading and analyzing source code for codebase default to determine what to deploy 
[debug] [2024-08-01T04:44:02.439Z] Could not find functions.yaml. Must use http discovery
[debug] [2024-08-01T04:44:02.444Z] Found firebase-functions binary at '/Users/fernandoxu/Desktop/Coolyeah/Bachelor/Final Year Project/Build/GlucoSense/functions/node_modules/.bin/firebase-functions'
[info] Serving at port 8809

[debug] [2024-08-01T04:44:02.785Z] Got response from /__/functions.yaml {"endpoints":{"api":{"platform":"gcfv1","availableMemoryMb":null,"timeoutSeconds":null,"minInstances":null,"maxInstances":null,"ingressSettings":null,"serviceAccountEmail":null,"vpc":null,"httpsTrigger":{},"entryPoint":"api"}},"specVersion":"v1alpha1","requiredAPIs":[]}
[info] i  functions: preparing functions directory for uploading... 
[info] i  functions: packaged /Users/fernandoxu/Desktop/Coolyeah/Bachelor/Final Year Project/Build/GlucoSense/functions (64.01 KB) for uploading 
[debug] [2024-08-01T04:44:07.834Z] >>> [apiv2][query] GET https://cloudfunctions.googleapis.com/v1/projects/glucosense-24-s2-07/locations/-/functions [none]
[debug] [2024-08-01T04:44:11.540Z] <<< [apiv2][status] GET https://cloudfunctions.googleapis.com/v1/projects/glucosense-24-s2-07/locations/-/functions 200
[debug] [2024-08-01T04:44:11.540Z] <<< [apiv2][body] GET https://cloudfunctions.googleapis.com/v1/projects/glucosense-24-s2-07/locations/-/functions {}
[debug] [2024-08-01T04:44:11.541Z] >>> [apiv2][query] GET https://cloudfunctions.googleapis.com/v2/projects/glucosense-24-s2-07/locations/-/functions filter=environment%3D%22GEN_2%22
[debug] [2024-08-01T04:44:13.049Z] <<< [apiv2][status] GET https://cloudfunctions.googleapis.com/v2/projects/glucosense-24-s2-07/locations/-/functions 200
[debug] [2024-08-01T04:44:13.050Z] <<< [apiv2][body] GET https://cloudfunctions.googleapis.com/v2/projects/glucosense-24-s2-07/locations/-/functions {}
[debug] [2024-08-01T04:44:13.055Z] >>> [apiv2][query] GET https://firebase.googleapis.com/v1beta1/projects/glucosense-24-s2-07 [none]
[debug] [2024-08-01T04:44:13.340Z] <<< [apiv2][status] GET https://firebase.googleapis.com/v1beta1/projects/glucosense-24-s2-07 200
[debug] [2024-08-01T04:44:13.341Z] <<< [apiv2][body] GET https://firebase.googleapis.com/v1beta1/projects/glucosense-24-s2-07 {"projectId":"glucosense-24-s2-07","projectNumber":"714305903306","displayName":"GlucoSense","name":"projects/glucosense-24-s2-07","resources":{"hostingSite":"glucosense-24-s2-07","storageBucket":"glucosense-24-s2-07.appspot.com","locationId":"asia-southeast1"},"state":"ACTIVE","etag":"1_3aa43c7d-f7dd-4403-be17-1dab7992c9ed"}
[debug] [2024-08-01T04:44:13.343Z] [functions] found 1 new HTTP functions, testing setIamPolicy permission...
[debug] [2024-08-01T04:44:13.343Z] >>> [apiv2][query] POST https://cloudresourcemanager.googleapis.com/v1/projects/glucosense-24-s2-07:testIamPermissions [none]
[debug] [2024-08-01T04:44:13.343Z] >>> [apiv2][(partial)header] POST https://cloudresourcemanager.googleapis.com/v1/projects/glucosense-24-s2-07:testIamPermissions x-goog-quota-user=projects/glucosense-24-s2-07
[debug] [2024-08-01T04:44:13.343Z] >>> [apiv2][body] POST https://cloudresourcemanager.googleapis.com/v1/projects/glucosense-24-s2-07:testIamPermissions {"permissions":["cloudfunctions.functions.setIamPolicy"]}
[debug] [2024-08-01T04:44:17.381Z] <<< [apiv2][status] POST https://cloudresourcemanager.googleapis.com/v1/projects/glucosense-24-s2-07:testIamPermissions 200
[debug] [2024-08-01T04:44:17.382Z] <<< [apiv2][body] POST https://cloudresourcemanager.googleapis.com/v1/projects/glucosense-24-s2-07:testIamPermissions {"permissions":["cloudfunctions.functions.setIamPolicy"]}
[debug] [2024-08-01T04:44:17.382Z] [functions] found setIamPolicy permission, proceeding with deploy
[debug] [2024-08-01T04:44:17.383Z] >>> [apiv2][query] POST https://cloudfunctions.googleapis.com/v1/projects/glucosense-24-s2-07/locations/us-central1/functions:generateUploadUrl [none]
[debug] [2024-08-01T04:44:17.383Z] >>> [apiv2][body] POST https://cloudfunctions.googleapis.com/v1/projects/glucosense-24-s2-07/locations/us-central1/functions:generateUploadUrl {}
[debug] [2024-08-01T04:44:18.148Z] <<< [apiv2][status] POST https://cloudfunctions.googleapis.com/v1/projects/glucosense-24-s2-07/locations/us-central1/functions:generateUploadUrl 200
[debug] [2024-08-01T04:44:18.148Z] <<< [apiv2][body] POST https://cloudfunctions.googleapis.com/v1/projects/glucosense-24-s2-07/locations/us-central1/functions:generateUploadUrl {"uploadUrl":"https://storage.googleapis.com/uploads-1017463172672.us-central1.cloudfunctions.appspot.com/6e621e2c-c3f2-4fd6-8e9f-e3e59324a3c9.zip?GoogleAccessId=service-714305903306@gcf-admin-robot.iam.gserviceaccount.com&Expires=1722489257&Signature=TnSlSWQt%2BJwrlFFhlR4IiCL31g5VtH3%2FlWUJX6Fu3nLfAFsWHS9805aNM8R37Bx3TBaIfjFQRKK0%2BVUJpBzESTdImvXkNgObNJWSDj5Mk5a2lVH6mTCcR5kWvbX3sEz%2FgQkRC22AokH7HMPd2mOIb%2FRJFQp3510yXqCiuANBdbs7Q4Wm6Q6pYTadvFz2mUSTKIbsYtN5pLzXTiZC%2FkBARmcaPXLxLZjMXM96GNu0oNp3Y8uM80qym%2FItxYRCzLWFpVwMivx%2F%2FPtnvFyaf%2BgcfHTaYTHR7oGVYEDnBl9poZIy2U41qK108EZ8fXaq5fGGJKhEtP%2Fw9%2FTTr%2Fp%2F9jOi%2FQ%3D%3D"}
[debug] [2024-08-01T04:44:18.150Z] >>> [apiv2][query] PUT https://storage.googleapis.com/uploads-1017463172672.us-central1.cloudfunctions.appspot.com/6e621e2c-c3f2-4fd6-8e9f-e3e59324a3c9.zip GoogleAccessId=service-714305903306%40gcf-admin-robot.iam.gserviceaccount.com&Expires=1722489257&Signature=TnSlSWQt%2BJwrlFFhlR4IiCL31g5VtH3%2FlWUJX6Fu3nLfAFsWHS9805aNM8R37Bx3TBaIfjFQRKK0%2BVUJpBzESTdImvXkNgObNJWSDj5Mk5a2lVH6mTCcR5kWvbX3sEz%2FgQkRC22AokH7HMPd2mOIb%2FRJFQp3510yXqCiuANBdbs7Q4Wm6Q6pYTadvFz2mUSTKIbsYtN5pLzXTiZC%2FkBARmcaPXLxLZjMXM96GNu0oNp3Y8uM80qym%2FItxYRCzLWFpVwMivx%2F%2FPtnvFyaf%2BgcfHTaYTHR7oGVYEDnBl9poZIy2U41qK108EZ8fXaq5fGGJKhEtP%2Fw9%2FTTr%2Fp%2F9jOi%2FQ%3D%3D
[debug] [2024-08-01T04:44:18.150Z] >>> [apiv2][body] PUT https://storage.googleapis.com/uploads-1017463172672.us-central1.cloudfunctions.appspot.com/6e621e2c-c3f2-4fd6-8e9f-e3e59324a3c9.zip [stream]
[debug] [2024-08-01T04:44:19.973Z] <<< [apiv2][status] PUT https://storage.googleapis.com/uploads-1017463172672.us-central1.cloudfunctions.appspot.com/6e621e2c-c3f2-4fd6-8e9f-e3e59324a3c9.zip 200
[debug] [2024-08-01T04:44:19.973Z] <<< [apiv2][body] PUT https://storage.googleapis.com/uploads-1017463172672.us-central1.cloudfunctions.appspot.com/6e621e2c-c3f2-4fd6-8e9f-e3e59324a3c9.zip [omitted]
[info] ✔  functions: functions folder uploaded successfully 
[info] i  functions: creating Node.js 18 (1st Gen) function api(us-central1)... 
[debug] [2024-08-01T04:44:19.979Z] >>> [apiv2][query] POST https://cloudfunctions.googleapis.com/v1/projects/glucosense-24-s2-07/locations/us-central1/functions [none]
[debug] [2024-08-01T04:44:19.980Z] >>> [apiv2][body] POST https://cloudfunctions.googleapis.com/v1/projects/glucosense-24-s2-07/locations/us-central1/functions {"name":"projects/glucosense-24-s2-07/locations/us-central1/functions/api","sourceUploadUrl":"https://storage.googleapis.com/uploads-1017463172672.us-central1.cloudfunctions.appspot.com/6e621e2c-c3f2-4fd6-8e9f-e3e59324a3c9.zip?GoogleAccessId=service-714305903306@gcf-admin-robot.iam.gserviceaccount.com&Expires=1722489257&Signature=TnSlSWQt%2BJwrlFFhlR4IiCL31g5VtH3%2FlWUJX6Fu3nLfAFsWHS9805aNM8R37Bx3TBaIfjFQRKK0%2BVUJpBzESTdImvXkNgObNJWSDj5Mk5a2lVH6mTCcR5kWvbX3sEz%2FgQkRC22AokH7HMPd2mOIb%2FRJFQp3510yXqCiuANBdbs7Q4Wm6Q6pYTadvFz2mUSTKIbsYtN5pLzXTiZC%2FkBARmcaPXLxLZjMXM96GNu0oNp3Y8uM80qym%2FItxYRCzLWFpVwMivx%2F%2FPtnvFyaf%2BgcfHTaYTHR7oGVYEDnBl9poZIy2U41qK108EZ8fXaq5fGGJKhEtP%2Fw9%2FTTr%2Fp%2F9jOi%2FQ%3D%3D","entryPoint":"api","runtime":"nodejs18","dockerRegistry":"ARTIFACT_REGISTRY","labels":{"deployment-tool":"cli-firebase","firebase-functions-hash":"8ff2dc1ec7dec0c07bf5f962b0e29efaf991abd9"},"httpsTrigger":{"securityLevel":"SECURE_ALWAYS"},"minInstances":null,"maxInstances":null,"ingressSettings":null,"environmentVariables":{"FIREBASE_CONFIG":"{\"projectId\":\"glucosense-24-s2-07\",\"storageBucket\":\"glucosense-24-s2-07.appspot.com\",\"locationId\":\"asia-southeast1\"}","GCLOUD_PROJECT":"glucosense-24-s2-07","EVENTARC_CLOUD_EVENT_SOURCE":"projects/glucosense-24-s2-07/locations/us-central1/functions/api"},"serviceAccountEmail":null,"availableMemoryMb":null,"timeout":null,"vpcConnector":null,"vpcConnectorEgressSettings":null,"buildEnvironmentVariables":{"GOOGLE_NODE_RUN_SCRIPTS":""}}
[debug] [2024-08-01T04:44:20.526Z] <<< [apiv2][status] POST https://cloudfunctions.googleapis.com/v1/projects/glucosense-24-s2-07/locations/us-central1/functions 200
[debug] [2024-08-01T04:44:20.527Z] <<< [apiv2][body] POST https://cloudfunctions.googleapis.com/v1/projects/glucosense-24-s2-07/locations/us-central1/functions {"name":"operations/Z2x1Y29zZW5zZS0yNC1zMi0wNy91cy1jZW50cmFsMS9hcGkvZ3NOc0Fra1JNRVk","metadata":{"@type":"type.googleapis.com/google.cloud.functions.v1.OperationMetadataV1","target":"projects/glucosense-24-s2-07/locations/us-central1/functions/api","type":"CREATE_FUNCTION","request":{"@type":"type.googleapis.com/google.cloud.functions.v1.CloudFunction","name":"projects/glucosense-24-s2-07/locations/us-central1/functions/api","httpsTrigger":{"securityLevel":"SECURE_ALWAYS"},"entryPoint":"api","labels":{"deployment-tool":"cli-firebase","firebase-functions-hash":"8ff2dc1ec7dec0c07bf5f962b0e29efaf991abd9"},"sourceUploadUrl":"https://storage.googleapis.com/uploads-1017463172672.us-central1.cloudfunctions.appspot.com/6e621e2c-c3f2-4fd6-8e9f-e3e59324a3c9.zip?GoogleAccessId=service-714305903306@gcf-admin-robot.iam.gserviceaccount.com&Expires=1722489257&Signature=TnSlSWQt%2BJwrlFFhlR4IiCL31g5VtH3%2FlWUJX6Fu3nLfAFsWHS9805aNM8R37Bx3TBaIfjFQRKK0%2BVUJpBzESTdImvXkNgObNJWSDj5Mk5a2lVH6mTCcR5kWvbX3sEz%2FgQkRC22AokH7HMPd2mOIb%2FRJFQp3510yXqCiuANBdbs7Q4Wm6Q6pYTadvFz2mUSTKIbsYtN5pLzXTiZC%2FkBARmcaPXLxLZjMXM96GNu0oNp3Y8uM80qym%2FItxYRCzLWFpVwMivx%2F%2FPtnvFyaf%2BgcfHTaYTHR7oGVYEDnBl9poZIy2U41qK108EZ8fXaq5fGGJKhEtP%2Fw9%2FTTr%2Fp%2F9jOi%2FQ%3D%3D","environmentVariables":{"FIREBASE_CONFIG":"{\"projectId\":\"glucosense-24-s2-07\",\"storageBucket\":\"glucosense-24-s2-07.appspot.com\",\"locationId\":\"asia-southeast1\"}","GCLOUD_PROJECT":"glucosense-24-s2-07","EVENTARC_CLOUD_EVENT_SOURCE":"projects/glucosense-24-s2-07/locations/us-central1/functions/api"},"runtime":"nodejs18","buildEnvironmentVariables":{"GOOGLE_NODE_RUN_SCRIPTS":""},"dockerRegistry":"ARTIFACT_REGISTRY"},"versionId":"1","updateTime":"2024-08-01T04:44:20Z"}}
[debug] [2024-08-01T04:44:20.528Z] >>> [apiv2][query] GET https://cloudfunctions.googleapis.com/v1/operations/Z2x1Y29zZW5zZS0yNC1zMi0wNy91cy1jZW50cmFsMS9hcGkvZ3NOc0Fra1JNRVk [none]
[debug] [2024-08-01T04:44:20.835Z] <<< [apiv2][status] GET https://cloudfunctions.googleapis.com/v1/operations/Z2x1Y29zZW5zZS0yNC1zMi0wNy91cy1jZW50cmFsMS9hcGkvZ3NOc0Fra1JNRVk 200
[debug] [2024-08-01T04:44:20.835Z] <<< [apiv2][body] GET https://cloudfunctions.googleapis.com/v1/operations/Z2x1Y29zZW5zZS0yNC1zMi0wNy91cy1jZW50cmFsMS9hcGkvZ3NOc0Fra1JNRVk {"name":"operations/Z2x1Y29zZW5zZS0yNC1zMi0wNy91cy1jZW50cmFsMS9hcGkvZ3NOc0Fra1JNRVk","metadata":{"@type":"type.googleapis.com/google.cloud.functions.v1.OperationMetadataV1","target":"projects/glucosense-24-s2-07/locations/us-central1/functions/api","type":"CREATE_FUNCTION","request":{"@type":"type.googleapis.com/google.cloud.functions.v1.CloudFunction","name":"projects/glucosense-24-s2-07/locations/us-central1/functions/api","httpsTrigger":{"securityLevel":"SECURE_ALWAYS"},"entryPoint":"api","labels":{"deployment-tool":"cli-firebase","firebase-functions-hash":"8ff2dc1ec7dec0c07bf5f962b0e29efaf991abd9"},"sourceUploadUrl":"https://storage.googleapis.com/uploads-1017463172672.us-central1.cloudfunctions.appspot.com/6e621e2c-c3f2-4fd6-8e9f-e3e59324a3c9.zip?GoogleAccessId=service-714305903306@gcf-admin-robot.iam.gserviceaccount.com&Expires=1722489257&Signature=TnSlSWQt%2BJwrlFFhlR4IiCL31g5VtH3%2FlWUJX6Fu3nLfAFsWHS9805aNM8R37Bx3TBaIfjFQRKK0%2BVUJpBzESTdImvXkNgObNJWSDj5Mk5a2lVH6mTCcR5kWvbX3sEz%2FgQkRC22AokH7HMPd2mOIb%2FRJFQp3510yXqCiuANBdbs7Q4Wm6Q6pYTadvFz2mUSTKIbsYtN5pLzXTiZC%2FkBARmcaPXLxLZjMXM96GNu0oNp3Y8uM80qym%2FItxYRCzLWFpVwMivx%2F%2FPtnvFyaf%2BgcfHTaYTHR7oGVYEDnBl9poZIy2U41qK108EZ8fXaq5fGGJKhEtP%2Fw9%2FTTr%2Fp%2F9jOi%2FQ%3D%3D","environmentVariables":{"FIREBASE_CONFIG":"{\"projectId\":\"glucosense-24-s2-07\",\"storageBucket\":\"glucosense-24-s2-07.appspot.com\",\"locationId\":\"asia-southeast1\"}","GCLOUD_PROJECT":"glucosense-24-s2-07","EVENTARC_CLOUD_EVENT_SOURCE":"projects/glucosense-24-s2-07/locations/us-central1/functions/api"},"runtime":"nodejs18","buildEnvironmentVariables":{"GOOGLE_NODE_RUN_SCRIPTS":""},"dockerRegistry":"ARTIFACT_REGISTRY"},"versionId":"1","updateTime":"2024-08-01T04:44:20Z"}}
[debug] [2024-08-01T04:44:21.338Z] [create-default-us-central1-api] Retrying task index 0
[debug] [2024-08-01T04:44:21.339Z] >>> [apiv2][query] GET https://cloudfunctions.googleapis.com/v1/operations/Z2x1Y29zZW5zZS0yNC1zMi0wNy91cy1jZW50cmFsMS9hcGkvZ3NOc0Fra1JNRVk [none]
[debug] [2024-08-01T04:44:21.627Z] <<< [apiv2][status] GET https://cloudfunctions.googleapis.com/v1/operations/Z2x1Y29zZW5zZS0yNC1zMi0wNy91cy1jZW50cmFsMS9hcGkvZ3NOc0Fra1JNRVk 200
[debug] [2024-08-01T04:44:21.628Z] <<< [apiv2][body] GET https://cloudfunctions.googleapis.com/v1/operations/Z2x1Y29zZW5zZS0yNC1zMi0wNy91cy1jZW50cmFsMS9hcGkvZ3NOc0Fra1JNRVk {"name":"operations/Z2x1Y29zZW5zZS0yNC1zMi0wNy91cy1jZW50cmFsMS9hcGkvZ3NOc0Fra1JNRVk","metadata":{"@type":"type.googleapis.com/google.cloud.functions.v1.OperationMetadataV1","target":"projects/glucosense-24-s2-07/locations/us-central1/functions/api","type":"CREATE_FUNCTION","request":{"@type":"type.googleapis.com/google.cloud.functions.v1.CloudFunction","name":"projects/glucosense-24-s2-07/locations/us-central1/functions/api","httpsTrigger":{"securityLevel":"SECURE_ALWAYS"},"entryPoint":"api","labels":{"deployment-tool":"cli-firebase","firebase-functions-hash":"8ff2dc1ec7dec0c07bf5f962b0e29efaf991abd9"},"sourceUploadUrl":"https://storage.googleapis.com/uploads-1017463172672.us-central1.cloudfunctions.appspot.com/6e621e2c-c3f2-4fd6-8e9f-e3e59324a3c9.zip?GoogleAccessId=service-714305903306@gcf-admin-robot.iam.gserviceaccount.com&Expires=1722489257&Signature=TnSlSWQt%2BJwrlFFhlR4IiCL31g5VtH3%2FlWUJX6Fu3nLfAFsWHS9805aNM8R37Bx3TBaIfjFQRKK0%2BVUJpBzESTdImvXkNgObNJWSDj5Mk5a2lVH6mTCcR5kWvbX3sEz%2FgQkRC22AokH7HMPd2mOIb%2FRJFQp3510yXqCiuANBdbs7Q4Wm6Q6pYTadvFz2mUSTKIbsYtN5pLzXTiZC%2FkBARmcaPXLxLZjMXM96GNu0oNp3Y8uM80qym%2FItxYRCzLWFpVwMivx%2F%2FPtnvFyaf%2BgcfHTaYTHR7oGVYEDnBl9poZIy2U41qK108EZ8fXaq5fGGJKhEtP%2Fw9%2FTTr%2Fp%2F9jOi%2FQ%3D%3D","environmentVariables":{"FIREBASE_CONFIG":"{\"projectId\":\"glucosense-24-s2-07\",\"storageBucket\":\"glucosense-24-s2-07.appspot.com\",\"locationId\":\"asia-southeast1\"}","GCLOUD_PROJECT":"glucosense-24-s2-07","EVENTARC_CLOUD_EVENT_SOURCE":"projects/glucosense-24-s2-07/locations/us-central1/functions/api"},"runtime":"nodejs18","buildEnvironmentVariables":{"GOOGLE_NODE_RUN_SCRIPTS":""},"dockerRegistry":"ARTIFACT_REGISTRY"},"versionId":"1","updateTime":"2024-08-01T04:44:20Z","buildId":"6a51d12c-5c8a-4cfa-8688-d7701453f65b","buildName":"projects/714305903306/locations/us-central1/builds/6a51d12c-5c8a-4cfa-8688-d7701453f65b"}}
[debug] [2024-08-01T04:44:22.629Z] [create-default-us-central1-api] Retrying task index 0
[debug] [2024-08-01T04:44:22.630Z] >>> [apiv2][query] GET https://cloudfunctions.googleapis.com/v1/operations/Z2x1Y29zZW5zZS0yNC1zMi0wNy91cy1jZW50cmFsMS9hcGkvZ3NOc0Fra1JNRVk [none]
[debug] [2024-08-01T04:44:22.975Z] <<< [apiv2][status] GET https://cloudfunctions.googleapis.com/v1/operations/Z2x1Y29zZW5zZS0yNC1zMi0wNy91cy1jZW50cmFsMS9hcGkvZ3NOc0Fra1JNRVk 200
[debug] [2024-08-01T04:44:22.976Z] <<< [apiv2][body] GET https://cloudfunctions.googleapis.com/v1/operations/Z2x1Y29zZW5zZS0yNC1zMi0wNy91cy1jZW50cmFsMS9hcGkvZ3NOc0Fra1JNRVk {"name":"operations/Z2x1Y29zZW5zZS0yNC1zMi0wNy91cy1jZW50cmFsMS9hcGkvZ3NOc0Fra1JNRVk","metadata":{"@type":"type.googleapis.com/google.cloud.functions.v1.OperationMetadataV1","target":"projects/glucosense-24-s2-07/locations/us-central1/functions/api","type":"CREATE_FUNCTION","request":{"@type":"type.googleapis.com/google.cloud.functions.v1.CloudFunction","name":"projects/glucosense-24-s2-07/locations/us-central1/functions/api","httpsTrigger":{"securityLevel":"SECURE_ALWAYS"},"entryPoint":"api","labels":{"deployment-tool":"cli-firebase","firebase-functions-hash":"8ff2dc1ec7dec0c07bf5f962b0e29efaf991abd9"},"sourceUploadUrl":"https://storage.googleapis.com/uploads-1017463172672.us-central1.cloudfunctions.appspot.com/6e621e2c-c3f2-4fd6-8e9f-e3e59324a3c9.zip?GoogleAccessId=service-714305903306@gcf-admin-robot.iam.gserviceaccount.com&Expires=1722489257&Signature=TnSlSWQt%2BJwrlFFhlR4IiCL31g5VtH3%2FlWUJX6Fu3nLfAFsWHS9805aNM8R37Bx3TBaIfjFQRKK0%2BVUJpBzESTdImvXkNgObNJWSDj5Mk5a2lVH6mTCcR5kWvbX3sEz%2FgQkRC22AokH7HMPd2mOIb%2FRJFQp3510yXqCiuANBdbs7Q4Wm6Q6pYTadvFz2mUSTKIbsYtN5pLzXTiZC%2FkBARmcaPXLxLZjMXM96GNu0oNp3Y8uM80qym%2FItxYRCzLWFpVwMivx%2F%2FPtnvFyaf%2BgcfHTaYTHR7oGVYEDnBl9poZIy2U41qK108EZ8fXaq5fGGJKhEtP%2Fw9%2FTTr%2Fp%2F9jOi%2FQ%3D%3D","environmentVariables":{"FIREBASE_CONFIG":"{\"projectId\":\"glucosense-24-s2-07\",\"storageBucket\":\"glucosense-24-s2-07.appspot.com\",\"locationId\":\"asia-southeast1\"}","GCLOUD_PROJECT":"glucosense-24-s2-07","EVENTARC_CLOUD_EVENT_SOURCE":"projects/glucosense-24-s2-07/locations/us-central1/functions/api"},"runtime":"nodejs18","buildEnvironmentVariables":{"GOOGLE_NODE_RUN_SCRIPTS":""},"dockerRegistry":"ARTIFACT_REGISTRY"},"versionId":"1","updateTime":"2024-08-01T04:44:20Z","buildId":"6a51d12c-5c8a-4cfa-8688-d7701453f65b","buildName":"projects/714305903306/locations/us-central1/builds/6a51d12c-5c8a-4cfa-8688-d7701453f65b"}}
[debug] [2024-08-01T04:44:24.977Z] [create-default-us-central1-api] Retrying task index 0
[debug] [2024-08-01T04:44:24.978Z] >>> [apiv2][query] GET https://cloudfunctions.googleapis.com/v1/operations/Z2x1Y29zZW5zZS0yNC1zMi0wNy91cy1jZW50cmFsMS9hcGkvZ3NOc0Fra1JNRVk [none]
[debug] [2024-08-01T04:44:25.273Z] <<< [apiv2][status] GET https://cloudfunctions.googleapis.com/v1/operations/Z2x1Y29zZW5zZS0yNC1zMi0wNy91cy1jZW50cmFsMS9hcGkvZ3NOc0Fra1JNRVk 200
[debug] [2024-08-01T04:44:25.273Z] <<< [apiv2][body] GET https://cloudfunctions.googleapis.com/v1/operations/Z2x1Y29zZW5zZS0yNC1zMi0wNy91cy1jZW50cmFsMS9hcGkvZ3NOc0Fra1JNRVk {"name":"operations/Z2x1Y29zZW5zZS0yNC1zMi0wNy91cy1jZW50cmFsMS9hcGkvZ3NOc0Fra1JNRVk","metadata":{"@type":"type.googleapis.com/google.cloud.functions.v1.OperationMetadataV1","target":"projects/glucosense-24-s2-07/locations/us-central1/functions/api","type":"CREATE_FUNCTION","request":{"@type":"type.googleapis.com/google.cloud.functions.v1.CloudFunction","name":"projects/glucosense-24-s2-07/locations/us-central1/functions/api","httpsTrigger":{"securityLevel":"SECURE_ALWAYS"},"entryPoint":"api","labels":{"deployment-tool":"cli-firebase","firebase-functions-hash":"8ff2dc1ec7dec0c07bf5f962b0e29efaf991abd9"},"sourceUploadUrl":"https://storage.googleapis.com/uploads-1017463172672.us-central1.cloudfunctions.appspot.com/6e621e2c-c3f2-4fd6-8e9f-e3e59324a3c9.zip?GoogleAccessId=service-714305903306@gcf-admin-robot.iam.gserviceaccount.com&Expires=1722489257&Signature=TnSlSWQt%2BJwrlFFhlR4IiCL31g5VtH3%2FlWUJX6Fu3nLfAFsWHS9805aNM8R37Bx3TBaIfjFQRKK0%2BVUJpBzESTdImvXkNgObNJWSDj5Mk5a2lVH6mTCcR5kWvbX3sEz%2FgQkRC22AokH7HMPd2mOIb%2FRJFQp3510yXqCiuANBdbs7Q4Wm6Q6pYTadvFz2mUSTKIbsYtN5pLzXTiZC%2FkBARmcaPXLxLZjMXM96GNu0oNp3Y8uM80qym%2FItxYRCzLWFpVwMivx%2F%2FPtnvFyaf%2BgcfHTaYTHR7oGVYEDnBl9poZIy2U41qK108EZ8fXaq5fGGJKhEtP%2Fw9%2FTTr%2Fp%2F9jOi%2FQ%3D%3D","environmentVariables":{"FIREBASE_CONFIG":"{\"projectId\":\"glucosense-24-s2-07\",\"storageBucket\":\"glucosense-24-s2-07.appspot.com\",\"locationId\":\"asia-southeast1\"}","GCLOUD_PROJECT":"glucosense-24-s2-07","EVENTARC_CLOUD_EVENT_SOURCE":"projects/glucosense-24-s2-07/locations/us-central1/functions/api"},"runtime":"nodejs18","buildEnvironmentVariables":{"GOOGLE_NODE_RUN_SCRIPTS":""},"dockerRegistry":"ARTIFACT_REGISTRY"},"versionId":"1","updateTime":"2024-08-01T04:44:20Z","buildId":"6a51d12c-5c8a-4cfa-8688-d7701453f65b","buildName":"projects/714305903306/locations/us-central1/builds/6a51d12c-5c8a-4cfa-8688-d7701453f65b"}}
[debug] [2024-08-01T04:44:29.276Z] [create-default-us-central1-api] Retrying task index 0
[debug] [2024-08-01T04:44:29.277Z] >>> [apiv2][query] GET https://cloudfunctions.googleapis.com/v1/operations/Z2x1Y29zZW5zZS0yNC1zMi0wNy91cy1jZW50cmFsMS9hcGkvZ3NOc0Fra1JNRVk [none]
[debug] [2024-08-01T04:44:29.689Z] <<< [apiv2][status] GET https://cloudfunctions.googleapis.com/v1/operations/Z2x1Y29zZW5zZS0yNC1zMi0wNy91cy1jZW50cmFsMS9hcGkvZ3NOc0Fra1JNRVk 200
[debug] [2024-08-01T04:44:29.689Z] <<< [apiv2][body] GET https://cloudfunctions.googleapis.com/v1/operations/Z2x1Y29zZW5zZS0yNC1zMi0wNy91cy1jZW50cmFsMS9hcGkvZ3NOc0Fra1JNRVk {"name":"operations/Z2x1Y29zZW5zZS0yNC1zMi0wNy91cy1jZW50cmFsMS9hcGkvZ3NOc0Fra1JNRVk","metadata":{"@type":"type.googleapis.com/google.cloud.functions.v1.OperationMetadataV1","target":"projects/glucosense-24-s2-07/locations/us-central1/functions/api","type":"CREATE_FUNCTION","request":{"@type":"type.googleapis.com/google.cloud.functions.v1.CloudFunction","name":"projects/glucosense-24-s2-07/locations/us-central1/functions/api","httpsTrigger":{"securityLevel":"SECURE_ALWAYS"},"entryPoint":"api","labels":{"deployment-tool":"cli-firebase","firebase-functions-hash":"8ff2dc1ec7dec0c07bf5f962b0e29efaf991abd9"},"sourceUploadUrl":"https://storage.googleapis.com/uploads-1017463172672.us-central1.cloudfunctions.appspot.com/6e621e2c-c3f2-4fd6-8e9f-e3e59324a3c9.zip?GoogleAccessId=service-714305903306@gcf-admin-robot.iam.gserviceaccount.com&Expires=1722489257&Signature=TnSlSWQt%2BJwrlFFhlR4IiCL31g5VtH3%2FlWUJX6Fu3nLfAFsWHS9805aNM8R37Bx3TBaIfjFQRKK0%2BVUJpBzESTdImvXkNgObNJWSDj5Mk5a2lVH6mTCcR5kWvbX3sEz%2FgQkRC22AokH7HMPd2mOIb%2FRJFQp3510yXqCiuANBdbs7Q4Wm6Q6pYTadvFz2mUSTKIbsYtN5pLzXTiZC%2FkBARmcaPXLxLZjMXM96GNu0oNp3Y8uM80qym%2FItxYRCzLWFpVwMivx%2F%2FPtnvFyaf%2BgcfHTaYTHR7oGVYEDnBl9poZIy2U41qK108EZ8fXaq5fGGJKhEtP%2Fw9%2FTTr%2Fp%2F9jOi%2FQ%3D%3D","environmentVariables":{"FIREBASE_CONFIG":"{\"projectId\":\"glucosense-24-s2-07\",\"storageBucket\":\"glucosense-24-s2-07.appspot.com\",\"locationId\":\"asia-southeast1\"}","GCLOUD_PROJECT":"glucosense-24-s2-07","EVENTARC_CLOUD_EVENT_SOURCE":"projects/glucosense-24-s2-07/locations/us-central1/functions/api"},"runtime":"nodejs18","buildEnvironmentVariables":{"GOOGLE_NODE_RUN_SCRIPTS":""},"dockerRegistry":"ARTIFACT_REGISTRY"},"versionId":"1","updateTime":"2024-08-01T04:44:20Z","buildId":"6a51d12c-5c8a-4cfa-8688-d7701453f65b","buildName":"projects/714305903306/locations/us-central1/builds/6a51d12c-5c8a-4cfa-8688-d7701453f65b"}}
[debug] [2024-08-01T04:44:37.690Z] [create-default-us-central1-api] Retrying task index 0
[debug] [2024-08-01T04:44:37.692Z] >>> [apiv2][query] GET https://cloudfunctions.googleapis.com/v1/operations/Z2x1Y29zZW5zZS0yNC1zMi0wNy91cy1jZW50cmFsMS9hcGkvZ3NOc0Fra1JNRVk [none]
[debug] [2024-08-01T04:44:41.079Z] <<< [apiv2][status] GET https://cloudfunctions.googleapis.com/v1/operations/Z2x1Y29zZW5zZS0yNC1zMi0wNy91cy1jZW50cmFsMS9hcGkvZ3NOc0Fra1JNRVk 200
[debug] [2024-08-01T04:44:41.079Z] <<< [apiv2][body] GET https://cloudfunctions.googleapis.com/v1/operations/Z2x1Y29zZW5zZS0yNC1zMi0wNy91cy1jZW50cmFsMS9hcGkvZ3NOc0Fra1JNRVk {"name":"operations/Z2x1Y29zZW5zZS0yNC1zMi0wNy91cy1jZW50cmFsMS9hcGkvZ3NOc0Fra1JNRVk","metadata":{"@type":"type.googleapis.com/google.cloud.functions.v1.OperationMetadataV1","target":"projects/glucosense-24-s2-07/locations/us-central1/functions/api","type":"CREATE_FUNCTION","request":{"@type":"type.googleapis.com/google.cloud.functions.v1.CloudFunction","name":"projects/glucosense-24-s2-07/locations/us-central1/functions/api","httpsTrigger":{"securityLevel":"SECURE_ALWAYS"},"entryPoint":"api","labels":{"deployment-tool":"cli-firebase","firebase-functions-hash":"8ff2dc1ec7dec0c07bf5f962b0e29efaf991abd9"},"sourceUploadUrl":"https://storage.googleapis.com/uploads-1017463172672.us-central1.cloudfunctions.appspot.com/6e621e2c-c3f2-4fd6-8e9f-e3e59324a3c9.zip?GoogleAccessId=service-714305903306@gcf-admin-robot.iam.gserviceaccount.com&Expires=1722489257&Signature=TnSlSWQt%2BJwrlFFhlR4IiCL31g5VtH3%2FlWUJX6Fu3nLfAFsWHS9805aNM8R37Bx3TBaIfjFQRKK0%2BVUJpBzESTdImvXkNgObNJWSDj5Mk5a2lVH6mTCcR5kWvbX3sEz%2FgQkRC22AokH7HMPd2mOIb%2FRJFQp3510yXqCiuANBdbs7Q4Wm6Q6pYTadvFz2mUSTKIbsYtN5pLzXTiZC%2FkBARmcaPXLxLZjMXM96GNu0oNp3Y8uM80qym%2FItxYRCzLWFpVwMivx%2F%2FPtnvFyaf%2BgcfHTaYTHR7oGVYEDnBl9poZIy2U41qK108EZ8fXaq5fGGJKhEtP%2Fw9%2FTTr%2Fp%2F9jOi%2FQ%3D%3D","environmentVariables":{"FIREBASE_CONFIG":"{\"projectId\":\"glucosense-24-s2-07\",\"storageBucket\":\"glucosense-24-s2-07.appspot.com\",\"locationId\":\"asia-southeast1\"}","GCLOUD_PROJECT":"glucosense-24-s2-07","EVENTARC_CLOUD_EVENT_SOURCE":"projects/glucosense-24-s2-07/locations/us-central1/functions/api"},"runtime":"nodejs18","buildEnvironmentVariables":{"GOOGLE_NODE_RUN_SCRIPTS":""},"dockerRegistry":"ARTIFACT_REGISTRY"},"versionId":"1","updateTime":"2024-08-01T04:44:20Z","buildId":"6a51d12c-5c8a-4cfa-8688-d7701453f65b","buildName":"projects/714305903306/locations/us-central1/builds/6a51d12c-5c8a-4cfa-8688-d7701453f65b"}}
[debug] [2024-08-01T04:44:51.081Z] [create-default-us-central1-api] Retrying task index 0
[debug] [2024-08-01T04:44:51.082Z] >>> [apiv2][query] GET https://cloudfunctions.googleapis.com/v1/operations/Z2x1Y29zZW5zZS0yNC1zMi0wNy91cy1jZW50cmFsMS9hcGkvZ3NOc0Fra1JNRVk [none]
[debug] [2024-08-01T04:44:54.474Z] <<< [apiv2][status] GET https://cloudfunctions.googleapis.com/v1/operations/Z2x1Y29zZW5zZS0yNC1zMi0wNy91cy1jZW50cmFsMS9hcGkvZ3NOc0Fra1JNRVk 200
[debug] [2024-08-01T04:44:54.474Z] <<< [apiv2][body] GET https://cloudfunctions.googleapis.com/v1/operations/Z2x1Y29zZW5zZS0yNC1zMi0wNy91cy1jZW50cmFsMS9hcGkvZ3NOc0Fra1JNRVk {"name":"operations/Z2x1Y29zZW5zZS0yNC1zMi0wNy91cy1jZW50cmFsMS9hcGkvZ3NOc0Fra1JNRVk","metadata":{"@type":"type.googleapis.com/google.cloud.functions.v1.OperationMetadataV1","target":"projects/glucosense-24-s2-07/locations/us-central1/functions/api","type":"CREATE_FUNCTION","request":{"@type":"type.googleapis.com/google.cloud.functions.v1.CloudFunction","name":"projects/glucosense-24-s2-07/locations/us-central1/functions/api","httpsTrigger":{"securityLevel":"SECURE_ALWAYS"},"entryPoint":"api","labels":{"deployment-tool":"cli-firebase","firebase-functions-hash":"8ff2dc1ec7dec0c07bf5f962b0e29efaf991abd9"},"sourceUploadUrl":"https://storage.googleapis.com/uploads-1017463172672.us-central1.cloudfunctions.appspot.com/6e621e2c-c3f2-4fd6-8e9f-e3e59324a3c9.zip?GoogleAccessId=service-714305903306@gcf-admin-robot.iam.gserviceaccount.com&Expires=1722489257&Signature=TnSlSWQt%2BJwrlFFhlR4IiCL31g5VtH3%2FlWUJX6Fu3nLfAFsWHS9805aNM8R37Bx3TBaIfjFQRKK0%2BVUJpBzESTdImvXkNgObNJWSDj5Mk5a2lVH6mTCcR5kWvbX3sEz%2FgQkRC22AokH7HMPd2mOIb%2FRJFQp3510yXqCiuANBdbs7Q4Wm6Q6pYTadvFz2mUSTKIbsYtN5pLzXTiZC%2FkBARmcaPXLxLZjMXM96GNu0oNp3Y8uM80qym%2FItxYRCzLWFpVwMivx%2F%2FPtnvFyaf%2BgcfHTaYTHR7oGVYEDnBl9poZIy2U41qK108EZ8fXaq5fGGJKhEtP%2Fw9%2FTTr%2Fp%2F9jOi%2FQ%3D%3D","environmentVariables":{"FIREBASE_CONFIG":"{\"projectId\":\"glucosense-24-s2-07\",\"storageBucket\":\"glucosense-24-s2-07.appspot.com\",\"locationId\":\"asia-southeast1\"}","GCLOUD_PROJECT":"glucosense-24-s2-07","EVENTARC_CLOUD_EVENT_SOURCE":"projects/glucosense-24-s2-07/locations/us-central1/functions/api"},"runtime":"nodejs18","buildEnvironmentVariables":{"GOOGLE_NODE_RUN_SCRIPTS":""},"dockerRegistry":"ARTIFACT_REGISTRY"},"versionId":"1","updateTime":"2024-08-01T04:44:20Z","buildId":"6a51d12c-5c8a-4cfa-8688-d7701453f65b","buildName":"projects/714305903306/locations/us-central1/builds/6a51d12c-5c8a-4cfa-8688-d7701453f65b"}}
[debug] [2024-08-01T04:45:04.475Z] [create-default-us-central1-api] Retrying task index 0
[debug] [2024-08-01T04:45:04.477Z] >>> [apiv2][query] GET https://cloudfunctions.googleapis.com/v1/operations/Z2x1Y29zZW5zZS0yNC1zMi0wNy91cy1jZW50cmFsMS9hcGkvZ3NOc0Fra1JNRVk [none]
[debug] [2024-08-01T04:45:07.789Z] <<< [apiv2][status] GET https://cloudfunctions.googleapis.com/v1/operations/Z2x1Y29zZW5zZS0yNC1zMi0wNy91cy1jZW50cmFsMS9hcGkvZ3NOc0Fra1JNRVk 200
[debug] [2024-08-01T04:45:07.790Z] <<< [apiv2][body] GET https://cloudfunctions.googleapis.com/v1/operations/Z2x1Y29zZW5zZS0yNC1zMi0wNy91cy1jZW50cmFsMS9hcGkvZ3NOc0Fra1JNRVk {"name":"operations/Z2x1Y29zZW5zZS0yNC1zMi0wNy91cy1jZW50cmFsMS9hcGkvZ3NOc0Fra1JNRVk","metadata":{"@type":"type.googleapis.com/google.cloud.functions.v1.OperationMetadataV1","target":"projects/glucosense-24-s2-07/locations/us-central1/functions/api","type":"CREATE_FUNCTION","request":{"@type":"type.googleapis.com/google.cloud.functions.v1.CloudFunction","name":"projects/glucosense-24-s2-07/locations/us-central1/functions/api","httpsTrigger":{"securityLevel":"SECURE_ALWAYS"},"entryPoint":"api","labels":{"deployment-tool":"cli-firebase","firebase-functions-hash":"8ff2dc1ec7dec0c07bf5f962b0e29efaf991abd9"},"sourceUploadUrl":"https://storage.googleapis.com/uploads-1017463172672.us-central1.cloudfunctions.appspot.com/6e621e2c-c3f2-4fd6-8e9f-e3e59324a3c9.zip?GoogleAccessId=service-714305903306@gcf-admin-robot.iam.gserviceaccount.com&Expires=1722489257&Signature=TnSlSWQt%2BJwrlFFhlR4IiCL31g5VtH3%2FlWUJX6Fu3nLfAFsWHS9805aNM8R37Bx3TBaIfjFQRKK0%2BVUJpBzESTdImvXkNgObNJWSDj5Mk5a2lVH6mTCcR5kWvbX3sEz%2FgQkRC22AokH7HMPd2mOIb%2FRJFQp3510yXqCiuANBdbs7Q4Wm6Q6pYTadvFz2mUSTKIbsYtN5pLzXTiZC%2FkBARmcaPXLxLZjMXM96GNu0oNp3Y8uM80qym%2FItxYRCzLWFpVwMivx%2F%2FPtnvFyaf%2BgcfHTaYTHR7oGVYEDnBl9poZIy2U41qK108EZ8fXaq5fGGJKhEtP%2Fw9%2FTTr%2Fp%2F9jOi%2FQ%3D%3D","environmentVariables":{"FIREBASE_CONFIG":"{\"projectId\":\"glucosense-24-s2-07\",\"storageBucket\":\"glucosense-24-s2-07.appspot.com\",\"locationId\":\"asia-southeast1\"}","GCLOUD_PROJECT":"glucosense-24-s2-07","EVENTARC_CLOUD_EVENT_SOURCE":"projects/glucosense-24-s2-07/locations/us-central1/functions/api"},"runtime":"nodejs18","buildEnvironmentVariables":{"GOOGLE_NODE_RUN_SCRIPTS":""},"dockerRegistry":"ARTIFACT_REGISTRY"},"versionId":"1","updateTime":"2024-08-01T04:44:20Z","buildId":"6a51d12c-5c8a-4cfa-8688-d7701453f65b","buildName":"projects/714305903306/locations/us-central1/builds/6a51d12c-5c8a-4cfa-8688-d7701453f65b"}}
[debug] [2024-08-01T04:45:17.792Z] [create-default-us-central1-api] Retrying task index 0
[debug] [2024-08-01T04:45:17.793Z] >>> [apiv2][query] GET https://cloudfunctions.googleapis.com/v1/operations/Z2x1Y29zZW5zZS0yNC1zMi0wNy91cy1jZW50cmFsMS9hcGkvZ3NOc0Fra1JNRVk [none]
[debug] [2024-08-01T04:45:21.198Z] <<< [apiv2][status] GET https://cloudfunctions.googleapis.com/v1/operations/Z2x1Y29zZW5zZS0yNC1zMi0wNy91cy1jZW50cmFsMS9hcGkvZ3NOc0Fra1JNRVk 200
[debug] [2024-08-01T04:45:21.199Z] <<< [apiv2][body] GET https://cloudfunctions.googleapis.com/v1/operations/Z2x1Y29zZW5zZS0yNC1zMi0wNy91cy1jZW50cmFsMS9hcGkvZ3NOc0Fra1JNRVk {"name":"operations/Z2x1Y29zZW5zZS0yNC1zMi0wNy91cy1jZW50cmFsMS9hcGkvZ3NOc0Fra1JNRVk","metadata":{"@type":"type.googleapis.com/google.cloud.functions.v1.OperationMetadataV1","target":"projects/glucosense-24-s2-07/locations/us-central1/functions/api","type":"CREATE_FUNCTION","request":{"@type":"type.googleapis.com/google.cloud.functions.v1.CloudFunction","name":"projects/glucosense-24-s2-07/locations/us-central1/functions/api","httpsTrigger":{"securityLevel":"SECURE_ALWAYS"},"entryPoint":"api","labels":{"deployment-tool":"cli-firebase","firebase-functions-hash":"8ff2dc1ec7dec0c07bf5f962b0e29efaf991abd9"},"sourceUploadUrl":"https://storage.googleapis.com/uploads-1017463172672.us-central1.cloudfunctions.appspot.com/6e621e2c-c3f2-4fd6-8e9f-e3e59324a3c9.zip?GoogleAccessId=service-714305903306@gcf-admin-robot.iam.gserviceaccount.com&Expires=1722489257&Signature=TnSlSWQt%2BJwrlFFhlR4IiCL31g5VtH3%2FlWUJX6Fu3nLfAFsWHS9805aNM8R37Bx3TBaIfjFQRKK0%2BVUJpBzESTdImvXkNgObNJWSDj5Mk5a2lVH6mTCcR5kWvbX3sEz%2FgQkRC22AokH7HMPd2mOIb%2FRJFQp3510yXqCiuANBdbs7Q4Wm6Q6pYTadvFz2mUSTKIbsYtN5pLzXTiZC%2FkBARmcaPXLxLZjMXM96GNu0oNp3Y8uM80qym%2FItxYRCzLWFpVwMivx%2F%2FPtnvFyaf%2BgcfHTaYTHR7oGVYEDnBl9poZIy2U41qK108EZ8fXaq5fGGJKhEtP%2Fw9%2FTTr%2Fp%2F9jOi%2FQ%3D%3D","environmentVariables":{"FIREBASE_CONFIG":"{\"projectId\":\"glucosense-24-s2-07\",\"storageBucket\":\"glucosense-24-s2-07.appspot.com\",\"locationId\":\"asia-southeast1\"}","GCLOUD_PROJECT":"glucosense-24-s2-07","EVENTARC_CLOUD_EVENT_SOURCE":"projects/glucosense-24-s2-07/locations/us-central1/functions/api"},"runtime":"nodejs18","buildEnvironmentVariables":{"GOOGLE_NODE_RUN_SCRIPTS":""},"dockerRegistry":"ARTIFACT_REGISTRY"},"versionId":"1","updateTime":"2024-08-01T04:44:20Z","buildId":"6a51d12c-5c8a-4cfa-8688-d7701453f65b","sourceToken":"03aa20c0-a3f8-4651-a5ee-00bb3e954bf1","buildName":"projects/714305903306/locations/us-central1/builds/6a51d12c-5c8a-4cfa-8688-d7701453f65b"}}
[debug] [2024-08-01T04:45:21.199Z] Got source token 03aa20c0-a3f8-4651-a5ee-00bb3e954bf1 for region us-central1
[debug] [2024-08-01T04:45:31.201Z] [create-default-us-central1-api] Retrying task index 0
[debug] [2024-08-01T04:45:31.202Z] >>> [apiv2][query] GET https://cloudfunctions.googleapis.com/v1/operations/Z2x1Y29zZW5zZS0yNC1zMi0wNy91cy1jZW50cmFsMS9hcGkvZ3NOc0Fra1JNRVk [none]
[debug] [2024-08-01T04:45:34.581Z] <<< [apiv2][status] GET https://cloudfunctions.googleapis.com/v1/operations/Z2x1Y29zZW5zZS0yNC1zMi0wNy91cy1jZW50cmFsMS9hcGkvZ3NOc0Fra1JNRVk 200
[debug] [2024-08-01T04:45:34.582Z] <<< [apiv2][body] GET https://cloudfunctions.googleapis.com/v1/operations/Z2x1Y29zZW5zZS0yNC1zMi0wNy91cy1jZW50cmFsMS9hcGkvZ3NOc0Fra1JNRVk {"name":"operations/Z2x1Y29zZW5zZS0yNC1zMi0wNy91cy1jZW50cmFsMS9hcGkvZ3NOc0Fra1JNRVk","metadata":{"@type":"type.googleapis.com/google.cloud.functions.v1.OperationMetadataV1","target":"projects/glucosense-24-s2-07/locations/us-central1/functions/api","type":"CREATE_FUNCTION","request":{"@type":"type.googleapis.com/google.cloud.functions.v1.CloudFunction","name":"projects/glucosense-24-s2-07/locations/us-central1/functions/api","httpsTrigger":{"securityLevel":"SECURE_ALWAYS"},"entryPoint":"api","labels":{"deployment-tool":"cli-firebase","firebase-functions-hash":"8ff2dc1ec7dec0c07bf5f962b0e29efaf991abd9"},"sourceUploadUrl":"https://storage.googleapis.com/uploads-1017463172672.us-central1.cloudfunctions.appspot.com/6e621e2c-c3f2-4fd6-8e9f-e3e59324a3c9.zip?GoogleAccessId=service-714305903306@gcf-admin-robot.iam.gserviceaccount.com&Expires=1722489257&Signature=TnSlSWQt%2BJwrlFFhlR4IiCL31g5VtH3%2FlWUJX6Fu3nLfAFsWHS9805aNM8R37Bx3TBaIfjFQRKK0%2BVUJpBzESTdImvXkNgObNJWSDj5Mk5a2lVH6mTCcR5kWvbX3sEz%2FgQkRC22AokH7HMPd2mOIb%2FRJFQp3510yXqCiuANBdbs7Q4Wm6Q6pYTadvFz2mUSTKIbsYtN5pLzXTiZC%2FkBARmcaPXLxLZjMXM96GNu0oNp3Y8uM80qym%2FItxYRCzLWFpVwMivx%2F%2FPtnvFyaf%2BgcfHTaYTHR7oGVYEDnBl9poZIy2U41qK108EZ8fXaq5fGGJKhEtP%2Fw9%2FTTr%2Fp%2F9jOi%2FQ%3D%3D","environmentVariables":{"FIREBASE_CONFIG":"{\"projectId\":\"glucosense-24-s2-07\",\"storageBucket\":\"glucosense-24-s2-07.appspot.com\",\"locationId\":\"asia-southeast1\"}","GCLOUD_PROJECT":"glucosense-24-s2-07","EVENTARC_CLOUD_EVENT_SOURCE":"projects/glucosense-24-s2-07/locations/us-central1/functions/api"},"runtime":"nodejs18","buildEnvironmentVariables":{"GOOGLE_NODE_RUN_SCRIPTS":""},"dockerRegistry":"ARTIFACT_REGISTRY"},"versionId":"1","updateTime":"2024-08-01T04:45:22Z","buildId":"6a51d12c-5c8a-4cfa-8688-d7701453f65b","sourceToken":"03aa20c0-a3f8-4651-a5ee-00bb3e954bf1","buildName":"projects/714305903306/locations/us-central1/builds/6a51d12c-5c8a-4cfa-8688-d7701453f65b"},"done":true,"error":{"code":3,"message":"Function failed on loading user code. This is likely due to a bug in the user code. Error message: Provided module can't be loaded.\nDid you list all required modules in the package.json dependencies?\nDetailed stack trace: Error: Cannot find module '../glucosense-24-s2-07-firebase-adminsdk-p9t7o-01008d24cb.json'\nRequire stack:\n- /workspace/index.js\n- /layers/google.nodejs.functions-framework/functions-framework/node_modules/@google-cloud/functions-framework/build/src/loader.js\n- /layers/google.nodejs.functions-framework/functions-framework/node_modules/@google-cloud/functions-framework/build/src/main.js\n    at Module._resolveFilename (node:internal/modules/cjs/loader:1140:15)\n    at Module._load (node:internal/modules/cjs/loader:981:27)\n    at Module.require (node:internal/modules/cjs/loader:1231:19)\n    at require (node:internal/modules/helpers:177:18)\n    at Object.<anonymous> (/workspace/index.js:4:24)\n    at Module._compile (node:internal/modules/cjs/loader:1364:14)\n    at Module._extensions..js (node:internal/modules/cjs/loader:1422:10)\n    at Module.load (node:internal/modules/cjs/loader:1203:32)\n    at Module._load (node:internal/modules/cjs/loader:1019:12)\n    at Module.require (node:internal/modules/cjs/loader:1231:19)\nCould not load the function, shutting down.. Please visit https://cloud.google.com/functions/docs/troubleshooting for in-depth troubleshooting documentation."}}
[debug] [2024-08-01T04:45:34.582Z] Got source token 03aa20c0-a3f8-4651-a5ee-00bb3e954bf1 for region us-central1
[error] Function failed on loading user code. This is likely due to a bug in the user code. Error message: Provided module can't be loaded.
Did you list all required modules in the package.json dependencies?
Detailed stack trace: Error: Cannot find module '../glucosense-24-s2-07-firebase-adminsdk-p9t7o-01008d24cb.json'
Require stack:
- /workspace/index.js
- /layers/google.nodejs.functions-framework/functions-framework/node_modules/@google-cloud/functions-framework/build/src/loader.js
- /layers/google.nodejs.functions-framework/functions-framework/node_modules/@google-cloud/functions-framework/build/src/main.js
    at Module._resolveFilename (node:internal/modules/cjs/loader:1140:15)
    at Module._load (node:internal/modules/cjs/loader:981:27)
    at Module.require (node:internal/modules/cjs/loader:1231:19)
    at require (node:internal/modules/helpers:177:18)
    at Object.<anonymous> (/workspace/index.js:4:24)
    at Module._compile (node:internal/modules/cjs/loader:1364:14)
    at Module._extensions..js (node:internal/modules/cjs/loader:1422:10)
    at Module.load (node:internal/modules/cjs/loader:1203:32)
    at Module._load (node:internal/modules/cjs/loader:1019:12)
    at Module.require (node:internal/modules/cjs/loader:1231:19)
Could not load the function, shutting down.. Please visit https://cloud.google.com/functions/docs/troubleshooting for in-depth troubleshooting documentation.
[debug] [2024-08-01T04:45:34.600Z] Total Function Deployment time: 74608
[debug] [2024-08-01T04:45:34.600Z] 1 Functions Deployed
[debug] [2024-08-01T04:45:34.600Z] 1 Functions Errored
[debug] [2024-08-01T04:45:34.600Z] 0 Function Deployments Aborted
[debug] [2024-08-01T04:45:34.601Z] Average Function Deployment time: 74607
[info] 
[info] Functions deploy had errors with the following functions:
	api(us-central1)
[debug] [2024-08-01T04:45:34.645Z] Not printing URL for HTTPS function. Typically this means it didn't match a filter or we failed deployment
[info] i  functions: cleaning up build files... 
[debug] [2024-08-01T04:45:34.647Z] >>> [apiv2][query] DELETE https://artifactregistry.googleapis.com/v1beta2/projects/glucosense-24-s2-07/locations/us-central1/repositories/gcf-artifacts/packages/api [none]
[debug] [2024-08-01T04:45:34.649Z] >>> [apiv2][query] GET https://us.gcr.io/v2/glucosense-24-s2-07/gcf/us-central1/tags/list [none]
[debug] [2024-08-01T04:45:38.001Z] <<< [apiv2][status] GET https://us.gcr.io/v2/glucosense-24-s2-07/gcf/us-central1/tags/list 404
[debug] [2024-08-01T04:45:38.002Z] <<< [apiv2][body] GET https://us.gcr.io/v2/glucosense-24-s2-07/gcf/us-central1/tags/list {"errors":[{"code":"NAME_UNKNOWN","message":"Repository \"us.gcr.io\" not found"}]}
[debug] [2024-08-01T04:45:38.003Z] Failed docker command with error  HTTP Error: 404, Not Found {"name":"FirebaseError","children":[],"context":{"body":{"errors":[{"code":"NAME_UNKNOWN","message":"Repository \"us.gcr.io\" not found"}],"error":{"message":"Not Found"}},"response":{"statusCode":404}},"exit":1,"message":"HTTP Error: 404, Not Found","status":404}
[debug] [2024-08-01T04:45:38.005Z] >>> [apiv2][query] GET https://us.gcr.io/v2/glucosense-24-s2-07/gcf/us-central1/tags/list [none]
[debug] [2024-08-01T04:45:38.376Z] <<< [apiv2][status] GET https://us.gcr.io/v2/glucosense-24-s2-07/gcf/us-central1/tags/list 404
[debug] [2024-08-01T04:45:38.376Z] <<< [apiv2][body] GET https://us.gcr.io/v2/glucosense-24-s2-07/gcf/us-central1/tags/list {"errors":[{"code":"NAME_UNKNOWN","message":"Repository \"us.gcr.io\" not found"}]}
[debug] [2024-08-01T04:45:38.377Z] Failed docker command with error  HTTP Error: 404, Not Found {"name":"FirebaseError","children":[],"context":{"body":{"errors":[{"code":"NAME_UNKNOWN","message":"Repository \"us.gcr.io\" not found"}],"error":{"message":"Not Found"}},"response":{"statusCode":404}},"exit":1,"message":"HTTP Error: 404, Not Found","status":404}
[debug] [2024-08-01T04:45:38.480Z] >>> [apiv2][query] GET https://us.gcr.io/v2/glucosense-24-s2-07/gcf/us-central1/tags/list [none]
[debug] [2024-08-01T04:45:38.787Z] <<< [apiv2][status] GET https://us.gcr.io/v2/glucosense-24-s2-07/gcf/us-central1/tags/list 404
[debug] [2024-08-01T04:45:38.787Z] <<< [apiv2][body] GET https://us.gcr.io/v2/glucosense-24-s2-07/gcf/us-central1/tags/list {"errors":[{"code":"NAME_UNKNOWN","message":"Repository \"us.gcr.io\" not found"}]}
[debug] [2024-08-01T04:45:38.787Z] Failed docker command with error  HTTP Error: 404, Not Found {"name":"FirebaseError","children":[],"context":{"body":{"errors":[{"code":"NAME_UNKNOWN","message":"Repository \"us.gcr.io\" not found"}],"error":{"message":"Not Found"}},"response":{"statusCode":404}},"exit":1,"message":"HTTP Error: 404, Not Found","status":404}
[debug] [2024-08-01T04:45:38.913Z] <<< [apiv2][status] DELETE https://artifactregistry.googleapis.com/v1beta2/projects/glucosense-24-s2-07/locations/us-central1/repositories/gcf-artifacts/packages/api 200
[debug] [2024-08-01T04:45:38.914Z] <<< [apiv2][body] DELETE https://artifactregistry.googleapis.com/v1beta2/projects/glucosense-24-s2-07/locations/us-central1/repositories/gcf-artifacts/packages/api {"name":"projects/glucosense-24-s2-07/locations/us-central1/operations/558b6f83-2e4c-434d-a9fa-df017789f2cc","metadata":{"@type":"type.googleapis.com/google.devtools.artifactregistry.v1beta2.OperationMetadata"}}
[debug] [2024-08-01T04:45:38.914Z] >>> [apiv2][query] GET https://artifactregistry.googleapis.com/v1beta2/projects/glucosense-24-s2-07/locations/us-central1/operations/558b6f83-2e4c-434d-a9fa-df017789f2cc [none]
[debug] [2024-08-01T04:45:40.222Z] <<< [apiv2][status] GET https://artifactregistry.googleapis.com/v1beta2/projects/glucosense-24-s2-07/locations/us-central1/operations/558b6f83-2e4c-434d-a9fa-df017789f2cc 200
[debug] [2024-08-01T04:45:40.223Z] <<< [apiv2][body] GET https://artifactregistry.googleapis.com/v1beta2/projects/glucosense-24-s2-07/locations/us-central1/operations/558b6f83-2e4c-434d-a9fa-df017789f2cc {"name":"projects/glucosense-24-s2-07/locations/us-central1/operations/558b6f83-2e4c-434d-a9fa-df017789f2cc","metadata":{"@type":"type.googleapis.com/google.devtools.artifactregistry.v1beta2.OperationMetadata"},"done":true,"response":{"@type":"type.googleapis.com/google.protobuf.Empty"}}
[warn] ⚠  functions: Unhandled error cleaning up build images. This could result in a small monthly bill if not corrected. You can attempt to delete these images by redeploying or you can delete them manually at https://console.cloud.google.com/gcr/images/glucosense-24-s2-07/us/gcf 
[debug] [2024-08-01T04:45:40.225Z] Functions deploy failed.
[debug] [2024-08-01T04:45:40.225Z] {
  "endpoint": {
    "id": "api",
    "project": "glucosense-24-s2-07",
    "region": "us-central1",
    "entryPoint": "api",
    "platform": "gcfv1",
    "runtime": "nodejs18",
    "httpsTrigger": {},
    "ingressSettings": null,
    "availableMemoryMb": null,
    "serviceAccount": null,
    "timeoutSeconds": null,
    "maxInstances": null,
    "minInstances": null,
    "vpc": null,
    "environmentVariables": {
      "FIREBASE_CONFIG": "{\"projectId\":\"glucosense-24-s2-07\",\"storageBucket\":\"glucosense-24-s2-07.appspot.com\",\"locationId\":\"asia-southeast1\"}",
      "GCLOUD_PROJECT": "glucosense-24-s2-07",
      "EVENTARC_CLOUD_EVENT_SOURCE": "projects/glucosense-24-s2-07/locations/us-central1/functions/api"
    },
    "codebase": "default",
    "targetedByOnly": false,
    "hash": "8ff2dc1ec7dec0c07bf5f962b0e29efaf991abd9",
    "labels": {
      "deployment-tool": "cli-firebase"
    }
  },
  "op": "create",
  "original": {
    "name": "FirebaseError",
    "children": [],
    "exit": 1,
    "message": "Function failed on loading user code. This is likely due to a bug in the user code. Error message: Provided module can't be loaded.\nDid you list all required modules in the package.json dependencies?\nDetailed stack trace: Error: Cannot find module '../glucosense-24-s2-07-firebase-adminsdk-p9t7o-01008d24cb.json'\nRequire stack:\n- /workspace/index.js\n- /layers/google.nodejs.functions-framework/functions-framework/node_modules/@google-cloud/functions-framework/build/src/loader.js\n- /layers/google.nodejs.functions-framework/functions-framework/node_modules/@google-cloud/functions-framework/build/src/main.js\n    at Module._resolveFilename (node:internal/modules/cjs/loader:1140:15)\n    at Module._load (node:internal/modules/cjs/loader:981:27)\n    at Module.require (node:internal/modules/cjs/loader:1231:19)\n    at require (node:internal/modules/helpers:177:18)\n    at Object.<anonymous> (/workspace/index.js:4:24)\n    at Module._compile (node:internal/modules/cjs/loader:1364:14)\n    at Module._extensions..js (node:internal/modules/cjs/loader:1422:10)\n    at Module.load (node:internal/modules/cjs/loader:1203:32)\n    at Module._load (node:internal/modules/cjs/loader:1019:12)\n    at Module.require (node:internal/modules/cjs/loader:1231:19)\nCould not load the function, shutting down.. Please visit https://cloud.google.com/functions/docs/troubleshooting for in-depth troubleshooting documentation.",
    "original": {
      "code": 3,
      "message": "Function failed on loading user code. This is likely due to a bug in the user code. Error message: Provided module can't be loaded.\nDid you list all required modules in the package.json dependencies?\nDetailed stack trace: Error: Cannot find module '../glucosense-24-s2-07-firebase-adminsdk-p9t7o-01008d24cb.json'\nRequire stack:\n- /workspace/index.js\n- /layers/google.nodejs.functions-framework/functions-framework/node_modules/@google-cloud/functions-framework/build/src/loader.js\n- /layers/google.nodejs.functions-framework/functions-framework/node_modules/@google-cloud/functions-framework/build/src/main.js\n    at Module._resolveFilename (node:internal/modules/cjs/loader:1140:15)\n    at Module._load (node:internal/modules/cjs/loader:981:27)\n    at Module.require (node:internal/modules/cjs/loader:1231:19)\n    at require (node:internal/modules/helpers:177:18)\n    at Object.<anonymous> (/workspace/index.js:4:24)\n    at Module._compile (node:internal/modules/cjs/loader:1364:14)\n    at Module._extensions..js (node:internal/modules/cjs/loader:1422:10)\n    at Module.load (node:internal/modules/cjs/loader:1203:32)\n    at Module._load (node:internal/modules/cjs/loader:1019:12)\n    at Module.require (node:internal/modules/cjs/loader:1231:19)\nCould not load the function, shutting down.. Please visit https://cloud.google.com/functions/docs/troubleshooting for in-depth troubleshooting documentation."
    },
    "status": 3,
    "code": 3
  }
}
[debug] [2024-08-01T04:45:40.262Z] Error: Failed to create function api in region us-central1
    at /opt/homebrew/lib/node_modules/firebase-tools/lib/deploy/functions/release/fabricator.js:52:11
    at process.processTicksAndRejections (node:internal/process/task_queues:95:5)
    at async Fabricator.createV1Function (/opt/homebrew/lib/node_modules/firebase-tools/lib/deploy/functions/release/fabricator.js:182:32)
    at async Fabricator.createEndpoint (/opt/homebrew/lib/node_modules/firebase-tools/lib/deploy/functions/release/fabricator.js:134:13)
    at async handle (/opt/homebrew/lib/node_modules/firebase-tools/lib/deploy/functions/release/fabricator.js:89:17)
[error] 
[error] Error: There was an error deploying functions
[debug] [2024-08-01T04:47:41.099Z] ----------------------------------------------------------------------
[debug] [2024-08-01T04:47:41.101Z] Command:       /opt/homebrew/Cellar/node/22.4.1/bin/node /opt/homebrew/bin/firebase deploy --only functions
[debug] [2024-08-01T04:47:41.101Z] CLI Version:   13.14.2
[debug] [2024-08-01T04:47:41.101Z] Platform:      darwin
[debug] [2024-08-01T04:47:41.101Z] Node Version:  v22.4.1
[debug] [2024-08-01T04:47:41.101Z] Time:          Thu Aug 01 2024 12:47:41 GMT+0800 (Singapore Standard Time)
[debug] [2024-08-01T04:47:41.101Z] ----------------------------------------------------------------------
[debug] 
[debug] [2024-08-01T04:47:41.135Z] > command requires scopes: ["email","openid","https://www.googleapis.com/auth/cloudplatformprojects.readonly","https://www.googleapis.com/auth/firebase","https://www.googleapis.com/auth/cloud-platform"]
[debug] [2024-08-01T04:47:41.136Z] > authorizing via signed-in user (nandoxu17@gmail.com)
[debug] [2024-08-01T04:47:41.136Z] [iam] checking project glucosense-24-s2-07 for permissions ["cloudfunctions.functions.create","cloudfunctions.functions.delete","cloudfunctions.functions.get","cloudfunctions.functions.list","cloudfunctions.functions.update","cloudfunctions.operations.get","firebase.projects.get"]
[debug] [2024-08-01T04:47:41.137Z] >>> [apiv2][query] POST https://cloudresourcemanager.googleapis.com/v1/projects/glucosense-24-s2-07:testIamPermissions [none]
[debug] [2024-08-01T04:47:41.137Z] >>> [apiv2][(partial)header] POST https://cloudresourcemanager.googleapis.com/v1/projects/glucosense-24-s2-07:testIamPermissions x-goog-quota-user=projects/glucosense-24-s2-07
[debug] [2024-08-01T04:47:41.137Z] >>> [apiv2][body] POST https://cloudresourcemanager.googleapis.com/v1/projects/glucosense-24-s2-07:testIamPermissions {"permissions":["cloudfunctions.functions.create","cloudfunctions.functions.delete","cloudfunctions.functions.get","cloudfunctions.functions.list","cloudfunctions.functions.update","cloudfunctions.operations.get","firebase.projects.get"]}
